<?xml version="1.0" encoding="UTF-8"?>
<coverage generated="1778517508798" clover="3.2.0">
  <project timestamp="1778517508798" name="All files">
    <metrics statements="7" coveredstatements="7" conditionals="18" coveredconditionals="17" methods="5" coveredmethods="5" elements="30" coveredelements="29" complexity="0" loc="7" ncloc="7" packages="1" files="5" classes="5"/>
    <file name="Badge.tsx" path="/home/muchliswahyu/Documents/SMT 6/KomputasiAwan/cc-kelompok-nyawit_1/frontend/src/components/Badge.tsx">
      <metrics statements="1" coveredstatements="1" conditionals="3" coveredconditionals="3" methods="1" coveredmethods="1"/>
      <line num="14" count="7" type="stmt"/>
    </file>
    <file name="EmptyState.tsx" path="/home/muchliswahyu/Documents/SMT 6/KomputasiAwan/cc-kelompok-nyawit_1/frontend/src/components/EmptyState.tsx">
      <metrics statements="1" coveredstatements="1" conditionals="7" coveredconditionals="6" methods="1" coveredmethods="1"/>
      <line num="20" count="6" type="stmt"/>
    </file>
    <file name="FormattedCurrency.tsx" path="/home/muchliswahyu/Documents/SMT 6/KomputasiAwan/cc-kelompok-nyawit_1/frontend/src/components/FormattedCurrency.tsx">
      <metrics statements="2" coveredstatements="2" conditionals="3" coveredconditionals="3" methods="1" coveredmethods="1"/>
      <line num="14" count="6" type="stmt"/>
      <line num="20" count="6" type="stmt"/>
    </file>
    <file name="StatsCard.tsx" path="/home/muchliswahyu/Documents/SMT 6/KomputasiAwan/cc-kelompok-nyawit_1/frontend/src/components/StatsCard.tsx">
      <metrics statements="1" coveredstatements="1" conditionals="5" coveredconditionals="5" methods="1" coveredmethods="1"/>
      <line num="18" count="8" type="stmt"/>
    </file>
    <file name="StatusBadge.tsx" path="/home/muchliswahyu/Documents/SMT 6/KomputasiAwan/cc-kelompok-nyawit_1/frontend/src/components/StatusBadge.tsx">
      <metrics statements="2" coveredstatements="2" conditionals="0" coveredconditionals="0" methods="1" coveredmethods="1"/>
      <line num="3" count="1" type="stmt"/>
      <line num="16" count="5" type="stmt"/>
    </file>
  </project>
</coverage>
