{"/home/muchliswahyu/Documents/SMT 6/KomputasiAwan/cc-kelompok-nyawit_1/frontend/src/components/Badge.tsx": {"path":"/home/muchliswahyu/Documents/SMT 6/KomputasiAwan/cc-kelompok-nyawit_1/frontend/src/components/Badge.tsx","statementMap":{"0":{"start":{"line":14,"column":2},"end":{"line":17,"column":null}}},"fnMap":{"0":{"name":"Badge","decl":{"start":{"line":8,"column":24},"end":{"line":8,"column":30}},"loc":{"start":{"line":13,"column":15},"end":{"line":17,"column":null}},"line":13}},"branchMap":{"0":{"loc":{"start":{"line":10,"column":2},"end":{"line":10,"column":null}},"type":"default-arg","locations":[{"start":{"line":10,"column":12},"end":{"line":10,"column":null}}],"line":10},"1":{"loc":{"start":{"line":11,"column":2},"end":{"line":11,"column":null}},"type":"default-arg","locations":[{"start":{"line":11,"column":9},"end":{"line":11,"column":null}}],"line":11},"2":{"loc":{"start":{"line":12,"column":2},"end":{"line":12,"column":null}},"type":"default-arg","locations":[{"start":{"line":12,"column":14},"end":{"line":12,"column":null}}],"line":12}},"s":{"0":7},"f":{"0":7},"b":{"0":[7],"1":[7],"2":[7]},"meta":{"lastBranch":3,"lastFunction":1,"lastStatement":1,"seen":{"f:8:24:8:30":0,"b:10:12:10:Infinity":0,"b:11:9:11:Infinity":1,"b:12:14:12:Infinity":2,"s:14:2:17:Infinity":0}}}
,"/home/muchliswahyu/Documents/SMT 6/KomputasiAwan/cc-kelompok-nyawit_1/frontend/src/components/EmptyState.tsx": {"path":"/home/muchliswahyu/Documents/SMT 6/KomputasiAwan/cc-kelompok-nyawit_1/frontend/src/components/EmptyState.tsx","statementMap":{"0":{"start":{"line":20,"column":2},"end":{"line":36,"column":null}}},"fnMap":{"0":{"name":"EmptyState","decl":{"start":{"line":12,"column":24},"end":{"line":12,"column":35}},"loc":{"start":{"line":19,"column":20},"end":{"line":36,"column":null}},"line":19}},"branchMap":{"0":{"loc":{"start":{"line":13,"column":2},"end":{"line":13,"column":null}},"type":"default-arg","locations":[{"start":{"line":13,"column":9},"end":{"line":13,"column":null}}],"line":13},"1":{"loc":{"start":{"line":25,"column":7},"end":{"line":36,"column":null}},"type":"binary-expr","locations":[{"start":{"line":25,"column":7},"end":{"line":25,"column":null}},{"start":{"line":26,"column":8},"end":{"line":36,"column":null}}],"line":25},"2":{"loc":{"start":{"line":27,"column":11},"end":{"line":35,"column":null}},"type":"cond-expr","locations":[{"start":{"line":28,"column":12},"end":{"line":31,"column":null}},{"start":{"line":31,"column":14},"end":{"line":35,"column":null}}],"line":27},"3":{"loc":{"start":{"line":31,"column":14},"end":{"line":35,"column":null}},"type":"cond-expr","locations":[{"start":{"line":32,"column":12},"end":{"line":35,"column":null}},{"start":{"line":35,"column":14},"end":{"line":35,"column":null}}],"line":31}},"s":{"0":6},"f":{"0":6},"b":{"0":[6],"1":[6,2],"2":[1,1],"3":[1,0]},"meta":{"lastBranch":4,"lastFunction":1,"lastStatement":1,"seen":{"f:12:24:12:35":0,"b:13:9:13:Infinity":0,"s:20:2:36:Infinity":0,"b:25:7:25:Infinity:26:8:36:Infinity":1,"b:28:12:31:Infinity:31:14:35:Infinity":2,"b:32:12:35:Infinity:35:14:35:Infinity":3}}}
,"/home/muchliswahyu/Documents/SMT 6/KomputasiAwan/cc-kelompok-nyawit_1/frontend/src/components/FormattedCurrency.tsx": {"path":"/home/muchliswahyu/Documents/SMT 6/KomputasiAwan/cc-kelompok-nyawit_1/frontend/src/components/FormattedCurrency.tsx","statementMap":{"0":{"start":{"line":14,"column":20},"end":{"line":18,"column":19}},"1":{"start":{"line":20,"column":2},"end":{"line":20,"column":null}}},"fnMap":{"0":{"name":"FormattedCurrency","decl":{"start":{"line":8,"column":24},"end":{"line":8,"column":42}},"loc":{"start":{"line":13,"column":27},"end":{"line":20,"column":null}},"line":13}},"branchMap":{"0":{"loc":{"start":{"line":10,"column":2},"end":{"line":10,"column":null}},"type":"default-arg","locations":[{"start":{"line":10,"column":13},"end":{"line":10,"column":null}}],"line":10},"1":{"loc":{"start":{"line":11,"column":2},"end":{"line":11,"column":null}},"type":"default-arg","locations":[{"start":{"line":11,"column":11},"end":{"line":11,"column":null}}],"line":11},"2":{"loc":{"start":{"line":12,"column":2},"end":{"line":12,"column":null}},"type":"default-arg","locations":[{"start":{"line":12,"column":14},"end":{"line":12,"column":null}}],"line":12}},"s":{"0":6,"1":6},"f":{"0":6},"b":{"0":[6],"1":[6],"2":[6]},"meta":{"lastBranch":3,"lastFunction":1,"lastStatement":2,"seen":{"f:8:24:8:42":0,"b:10:13:10:Infinity":0,"b:11:11:11:Infinity":1,"b:12:14:12:Infinity":2,"s:14:20:18:19":0,"s:20:2:20:Infinity":1}}}
,"/home/muchliswahyu/Documents/SMT 6/KomputasiAwan/cc-kelompok-nyawit_1/frontend/src/components/StatsCard.tsx": {"path":"/home/muchliswahyu/Documents/SMT 6/KomputasiAwan/cc-kelompok-nyawit_1/frontend/src/components/StatsCard.tsx","statementMap":{"0":{"start":{"line":18,"column":2},"end":{"line":25,"column":null}}},"fnMap":{"0":{"name":"StatsCard","decl":{"start":{"line":11,"column":24},"end":{"line":11,"column":34}},"loc":{"start":{"line":17,"column":19},"end":{"line":25,"column":null}},"line":17}},"branchMap":{"0":{"loc":{"start":{"line":16,"column":2},"end":{"line":16,"column":null}},"type":"default-arg","locations":[{"start":{"line":16,"column":12},"end":{"line":16,"column":null}}],"line":16},"1":{"loc":{"start":{"line":22,"column":9},"end":{"line":22,"column":null}},"type":"binary-expr","locations":[{"start":{"line":22,"column":9},"end":{"line":22,"column":17}},{"start":{"line":22,"column":17},"end":{"line":22,"column":null}}],"line":22},"2":{"loc":{"start":{"line":25,"column":7},"end":{"line":25,"column":null}},"type":"binary-expr","locations":[{"start":{"line":25,"column":7},"end":{"line":25,"column":17}},{"start":{"line":25,"column":17},"end":{"line":25,"column":null}}],"line":25}},"s":{"0":8},"f":{"0":8},"b":{"0":[8],"1":[8,1],"2":[8,1]},"meta":{"lastBranch":3,"lastFunction":1,"lastStatement":1,"seen":{"f:11:24:11:34":0,"b:16:12:16:Infinity":0,"s:18:2:25:Infinity":0,"b:22:9:22:17:22:17:22:Infinity":1,"b:25:7:25:17:25:17:25:Infinity":2}}}
,"/home/muchliswahyu/Documents/SMT 6/KomputasiAwan/cc-kelompok-nyawit_1/frontend/src/components/StatusBadge.tsx": {"path":"/home/muchliswahyu/Documents/SMT 6/KomputasiAwan/cc-kelompok-nyawit_1/frontend/src/components/StatusBadge.tsx","statementMap":{"0":{"start":{"line":3,"column":48},"end":{"line":13,"column":null}},"1":{"start":{"line":16,"column":2},"end":{"line":19,"column":null}}},"fnMap":{"0":{"name":"StatusBadge","decl":{"start":{"line":15,"column":24},"end":{"line":15,"column":36}},"loc":{"start":{"line":15,"column":70},"end":{"line":19,"column":null}},"line":15}},"branchMap":{},"s":{"0":1,"1":5},"f":{"0":5},"b":{},"meta":{"lastBranch":0,"lastFunction":1,"lastStatement":2,"seen":{"s:3:48:13:Infinity":0,"f:15:24:15:36":0,"s:16:2:19:Infinity":1}}}
}
